<?xml version="1.0" encoding="UTF-8"?>
<!-- Generated by org.testng.reporters.JUnitReportReporter -->
<testsuite hostname="LMANTRAMEWURK30" failures="0" tests="2" name="AutomationFramework.Tests.LoginTest" time="6.315" errors="0" timestamp="2024-07-12T14:34:03 IST" skipped="0">
  <testcase classname="AutomationFramework.Tests.LoginTest" name="loginPageObject" time="3.192"/>
  <system-out/>
  <testcase classname="AutomationFramework.Tests.LoginTest" name="ErrorValidationLogin" time="3.123"/>
  <system-out/>
</testsuite> <!-- AutomationFramework.Tests.LoginTest -->
